\BOOKMARK [1][-]{section.1}{Ejercicios con la l\355nea de comando}{}% 1
\BOOKMARK [2][-]{subsection.1.1}{Archivos y Directorios}{section.1}% 2
\BOOKMARK [3][-]{subsubsection.1.1.1}{Directorio de Trabajo}{subsection.1.1}% 3
\BOOKMARK [3][-]{subsubsection.1.1.2}{Navegando entre carpetas}{subsection.1.1}% 4
\BOOKMARK [3][-]{subsubsection.1.1.3}{Listando Contenidos}{subsection.1.1}% 5
\BOOKMARK [2][-]{subsection.1.2}{Creando Cosas}{section.1}% 6
\BOOKMARK [3][-]{subsubsection.1.2.1}{Directorios}{subsection.1.2}% 7
\BOOKMARK [3][-]{subsubsection.1.2.2}{Archivos de Texto}{subsection.1.2}% 8
\BOOKMARK [3][-]{subsubsection.1.2.3}{Eliminar}{subsection.1.2}% 9
\BOOKMARK [3][-]{subsubsection.1.2.4}{Copiar y Pegar}{subsection.1.2}% 10
\BOOKMARK [2][-]{subsection.1.3}{Permisos y Propiedad}{section.1}% 11
\BOOKMARK [3][-]{subsubsection.1.3.1}{Qu\351 [no] se puede hacer?}{subsection.1.3}% 12
\BOOKMARK [3][-]{subsubsection.1.3.2}{De qui\351n [no] es esto?}{subsection.1.3}% 13
\BOOKMARK [2][-]{subsection.1.4}{V\355nculos}{section.1}% 14
\BOOKMARK [3][-]{subsubsection.1.4.1}{V\355nculos Duros}{subsection.1.4}% 15
\BOOKMARK [3][-]{subsubsection.1.4.2}{V\355nculos Simb\363licos}{subsection.1.4}% 16
\BOOKMARK [3][-]{subsubsection.1.4.3}{Explicaci\363n}{subsection.1.4}% 17
\BOOKMARK [2][-]{subsection.1.5}{Tubos y Filtros}{section.1}% 18
\BOOKMARK [3][-]{subsubsection.1.5.1}{Contando Pedazos}{subsection.1.5}% 19
\BOOKMARK [3][-]{subsubsection.1.5.2}{Tubos y Ordenando Listas}{subsection.1.5}% 20
\BOOKMARK [3][-]{subsubsection.1.5.3}{Hallando cosas}{subsection.1.5}% 21
\BOOKMARK [3][-]{subsubsection.1.5.4}{Filtrando Resultados}{subsection.1.5}% 22
\BOOKMARK [2][-]{subsection.1.6}{Ciclos}{section.1}% 23
\BOOKMARK [3][-]{subsubsection.1.6.1}{for ... in ...}{subsection.1.6}% 24
\BOOKMARK [2][-]{subsection.1.7}{Scripts}{section.1}% 25
\BOOKMARK [2][-]{subsection.1.8}{Comentarios Finales}{section.1}% 26
\BOOKMARK [2][-]{subsection.1.9}{Glosario de comandos sencillos}{section.1}% 27
